

***********************************************************************
Fatal NI connect error 12514, connecting to:
 (DESCRIPTION=(ENABLE=BROKEN)(ADDRESS=(PROTOCOL=TCP)(HOST=rec2db01jid)(PORT=1523))(CONNECT_DATA=(SERVICE_NAME=jidd01)(SERVER=DEDICATED)(CID=(PROGRAM=httpd)(HOST=rec2batch01jid)(USER=apache))))

  VERSION INFORMATION:
	TNS for Linux: Version 10.2.0.1.0 - Production
	TCP/IP NT Protocol Adapter for Linux: Version 10.2.0.1.0 - Production
  Time: 09-DEC-2013 14:11:21
  Tracing not turned on.
  Tns error struct:
    ns main err code: 12564
    TNS-12564: TNS:connection refused
    ns secondary err code: 0
    nt main err code: 0
    nt secondary err code: 0


***********************************************************************
Fatal NI connect error 12514, connecting to:
 (DESCRIPTION=(ENABLE=BROKEN)(ADDRESS=(PROTOCOL=TCP)(HOST=rec2db01jid)(PORT=1523))(CONNECT_DATA=(SERVICE_NAME=jidd01)(SERVER=DEDICATED)(CID=(PROGRAM=httpd)(HOST=rec2batch01jid)(USER=apache))))

  VERSION INFORMATION:
	TNS for Linux: Version 10.2.0.1.0 - Production
	TCP/IP NT Protocol Adapter for Linux: Version 10.2.0.1.0 - Production
  Time: 09-DEC-2013 14:11:30
  Tracing not turned on.
  Tns error struct:
    ns main err code: 12564
    TNS-12564: TNS:connection refused
    ns secondary err code: 0
    nt main err code: 0
    nt secondary err code: 0


***********************************************************************
Fatal NI connect error 12514, connecting to:
 (DESCRIPTION=(ENABLE=BROKEN)(ADDRESS=(PROTOCOL=TCP)(HOST=rec2db01jid)(PORT=1523))(CONNECT_DATA=(SERVICE_NAME=jidd01)(SERVER=DEDICATED)(CID=(PROGRAM=httpd)(HOST=rec2batch01jid)(USER=apache))))

  VERSION INFORMATION:
	TNS for Linux: Version 10.2.0.1.0 - Production
	TCP/IP NT Protocol Adapter for Linux: Version 10.2.0.1.0 - Production
  Time: 09-DEC-2013 14:13:20
  Tracing not turned on.
  Tns error struct:
    ns main err code: 12564
    TNS-12564: TNS:connection refused
    ns secondary err code: 0
    nt main err code: 0
    nt secondary err code: 0


***********************************************************************
Fatal NI connect error 12514, connecting to:
 (DESCRIPTION=(ENABLE=BROKEN)(ADDRESS=(PROTOCOL=TCP)(HOST=rec2db01jid)(PORT=1523))(CONNECT_DATA=(SERVICE_NAME=jidd01)(SERVER=DEDICATED)(CID=(PROGRAM=httpd)(HOST=rec2batch01jid)(USER=apache))))

  VERSION INFORMATION:
	TNS for Linux: Version 10.2.0.1.0 - Production
	TCP/IP NT Protocol Adapter for Linux: Version 10.2.0.1.0 - Production
  Time: 09-DEC-2013 14:13:54
  Tracing not turned on.
  Tns error struct:
    ns main err code: 12564
    TNS-12564: TNS:connection refused
    ns secondary err code: 0
    nt main err code: 0
    nt secondary err code: 0
    nt OS err code: 0
    nt OS err code: 0
    nt OS err code: 0
    nt OS err code: 0


***********************************************************************
Fatal NI connect error 12514, connecting to:
 (DESCRIPTION=(ENABLE=BROKEN)(ADDRESS=(PROTOCOL=TCP)(HOST=rec2db01jid)(PORT=1523))(CONNECT_DATA=(SERVICE_NAME=jidd01)(SERVER=DEDICATED)(CID=(PROGRAM=httpd)(HOST=rec2batch01jid)(USER=apache))))

  VERSION INFORMATION:
	TNS for Linux: Version 10.2.0.1.0 - Production
	TCP/IP NT Protocol Adapter for Linux: Version 10.2.0.1.0 - Production
  Time: 09-DEC-2013 14:34:38
  Tracing not turned on.
  Tns error struct:
    ns main err code: 12564
    TNS-12564: TNS:connection refused
    ns secondary err code: 0
    nt main err code: 0
    nt secondary err code: 0


***********************************************************************
Fatal NI connect error 12545, connecting to:
 (DESCRIPTION=(ADDRESS=(PROTOCOL=beq)(PROGRAM=/opt/app/oracle/product/10.2.0/client/bin/oracle)(ARGV0=oraclejidc01)(ARGS='(DESCRIPTION=(LOCAL=YES)(ADDRESS=(PROTOCOL=beq)))')(DETACH=NO))(CONNECT_DATA=(CID=(PROGRAM=httpd)(HOST=rec2batch01jid)(USER=apache))))

  VERSION INFORMATION:
	TNS for Linux: Version 10.2.0.1.0 - Production
	Oracle Bequeath NT Protocol Adapter for Linux: Version 10.2.0.1.0 - Production
	TCP/IP NT Protocol Adapter for Linux: Version 10.2.0.1.0 - Production
  Time: 09-DEC-2013 14:36:59
  Tracing not turned on.
  Tns error struct:
    ns main err code: 12545
    TNS-12545: Connect failed because target host or object does not exist
    ns secondary err code: 12560
    nt main err code: 515
    TNS-00515: Connect failed because target host or object does not exist
    nt secondary err code: 2


***********************************************************************
Fatal NI connect error 12545, connecting to:
 (DESCRIPTION=(ADDRESS=(PROTOCOL=beq)(PROGRAM=/opt/app/oracle/product/10.2.0/client/bin/oracle)(ARGV0=oraclejidc01)(ARGS='(DESCRIPTION=(LOCAL=YES)(ADDRESS=(PROTOCOL=beq)))')(DETACH=NO))(CONNECT_DATA=(CID=(PROGRAM=httpd)(HOST=rec2batch01jid)(USER=apache))))

  VERSION INFORMATION:
	TNS for Linux: Version 10.2.0.1.0 - Production
	Oracle Bequeath NT Protocol Adapter for Linux: Version 10.2.0.1.0 - Production
	TCP/IP NT Protocol Adapter for Linux: Version 10.2.0.1.0 - Production
  Time: 09-DEC-2013 14:37:24
  Tracing not turned on.
  Tns error struct:
    ns main err code: 12545
    TNS-12545: Connect failed because target host or object does not exist
    ns secondary err code: 12560
    nt main err code: 515
    TNS-00515: Connect failed because target host or object does not exist
    nt secondary err code: 2


***********************************************************************
Fatal NI connect error 12545, connecting to:
 (DESCRIPTION=(ADDRESS=(PROTOCOL=beq)(PROGRAM=/opt/app/oracle/product/10.2.0/client/bin/oracle)(ARGV0=oraclejidc01)(ARGS='(DESCRIPTION=(LOCAL=YES)(ADDRESS=(PROTOCOL=beq)))')(DETACH=NO))(CONNECT_DATA=(CID=(PROGRAM=httpd)(HOST=rec2batch01jid)(USER=apache))))

  VERSION INFORMATION:
	TNS for Linux: Version 10.2.0.1.0 - Production
	Oracle Bequeath NT Protocol Adapter for Linux: Version 10.2.0.1.0 - Production
	TCP/IP NT Protocol Adapter for Linux: Version 10.2.0.1.0 - Production
  Time: 09-DEC-2013 14:37:28
  Tracing not turned on.
  Tns error struct:
    ns main err code: 12545
    TNS-12545: Connect failed because target host or object does not exist
    ns secondary err code: 12560
    nt main err code: 515
    TNS-00515: Connect failed because target host or object does not exist
    nt secondary err code: 2


***********************************************************************
Fatal NI connect error 12545, connecting to:
 (DESCRIPTION=(ADDRESS=(PROTOCOL=beq)(PROGRAM=/opt/app/oracle/product/10.2.0/client/bin/oracle)(ARGV0=oraclejidc01)(ARGS='(DESCRIPTION=(LOCAL=YES)(ADDRESS=(PROTOCOL=beq)))')(DETACH=NO))(CONNECT_DATA=(CID=(PROGRAM=httpd)(HOST=rec2batch01jid)(USER=apache))))

  VERSION INFORMATION:
	TNS for Linux: Version 10.2.0.1.0 - Production
	Oracle Bequeath NT Protocol Adapter for Linux: Version 10.2.0.1.0 - Production
	TCP/IP NT Protocol Adapter for Linux: Version 10.2.0.1.0 - Production
  Time: 09-DEC-2013 14:37:56
  Tracing not turned on.
  Tns error struct:
    ns main err code: 12545
    TNS-12545: Connect failed because target host or object does not exist
    ns secondary err code: 12560
    nt main err code: 515
    TNS-00515: Connect failed because target host or object does not exist
    nt secondary err code: 2
    nt OS err code: 0


***********************************************************************
Fatal NI connect error 12545, connecting to:
 (DESCRIPTION=(ADDRESS=(PROTOCOL=beq)(PROGRAM=/opt/app/oracle/product/10.2.0/client/bin/oracle)(ARGV0=oraclejidc01)(ARGS='(DESCRIPTION=(LOCAL=YES)(ADDRESS=(PROTOCOL=beq)))')(DETACH=NO))(CONNECT_DATA=(CID=(PROGRAM=httpd)(HOST=rec2batch01jid)(USER=apache))))

  VERSION INFORMATION:
	TNS for Linux: Version 10.2.0.1.0 - Production
	Oracle Bequeath NT Protocol Adapter for Linux: Version 10.2.0.1.0 - Production
	TCP/IP NT Protocol Adapter for Linux: Version 10.2.0.1.0 - Production
  Time: 09-DEC-2013 14:58:32
  Tracing not turned on.
  Tns error struct:
    ns main err code: 12545
    TNS-12545: Connect failed because target host or object does not exist
    ns secondary err code: 12560
    nt main err code: 515
    TNS-00515: Connect failed because target host or object does not exist
    nt secondary err code: 2
